app/build/outputs/logs/manifest-merger-debug-report.txt
-- Merging decision tree log ---
manifest
ADDED from src\main\AndroidManifest.xml:2:1-237:12
INJECTED from src\main\AndroidManifest.xml:2:1-237:12
INJECTED from src\main\AndroidManifest.xml:2:1-237:12
INJECTED from src\main\AndroidManifest.xml:2:1-237:12
MERGED from [cn.smssdk:SMSSDK:3.5.1] AndroidManifest.xml:2:1-11:12
MERGED from [com.mob:MobGuard:1.0.5] AndroidManifest.xml:2:1-9:12
MERGED from [com.sunfusheng:marqueeview:1.3.3] AndroidManifest.xml:2:1-17:12
MERGED from [com.scwang.wave:MultiWaveHeader:1.0.0-alpha-1] AndroidManifest.xml:2:1-11:12
MERGED from [com.google.android.material:material:1.1.0] AndroidManifest.xml:17:1-24:12
MERGED from [androidx.appcompat:appcompat:1.1.0] AndroidManifest.xml:17:1-24:12
MERGED from [androidx.constraintlayout:constraintlayout:1.1.3] AndroidManifest.xml:2:1-11:12
MERGED from [com.jakewharton:butterknife:10.0.0] AndroidManifest.xml:2:1-7:12
MERGED from [io.reactivex.rxjava2:rxandroid:2.0.1] AndroidManifest.xml:15:1-21:12
MERGED from [com.kaopiz:kprogresshud:1.2.0] AndroidManifest.xml:2:1-15:12
MERGED from [com.youth.banner:banner:1.4.10] AndroidManifest.xml:2:1-11:12
MERGED from [org.litepal.android:core:1.6.1] AndroidManifest.xml:2:1-16:12
MERGED from [com.contrarywind:Android-PickerView:4.1.8] AndroidManifest.xml:2:1-11:12
MERGED from [androidx.legacy:legacy-support-v4:1.0.0] AndroidManifest.xml:17:1-22:12
MERGED from [androidx.viewpager2:viewpager2:1.0.0] AndroidManifest.xml:17:1-24:12
MERGED from [androidx.fragment:fragment:1.1.0] AndroidManifest.xml:17:1-24:12
MERGED from [androidx.appcompat:appcompat-resources:1.1.0] AndroidManifest.xml:17:1-24:12
MERGED from [androidx.legacy:legacy-support-core-ui:1.0.0] AndroidManifest.xml:17:1-22:12
MERGED from [androidx.drawerlayout:drawerlayout:1.0.0] AndroidManifest.xml:17:1-22:12
MERGED from [com.jakewharton:butterknife-runtime:10.0.0] AndroidManifest.xml:2:1-7:12
MERGED from [androidx.media:media:1.0.0] AndroidManifest.xml:17:1-22:12
MERGED from [androidx.legacy:legacy-support-core-utils:1.0.0] AndroidManifest.xml:17:1-22:12
MERGED from [androidx.vectordrawable:vectordrawable-animated:1.1.0] AndroidManifest.xml:17:1-24:12
MERGED from [androidx.vectordrawable:vectordrawable:1.1.0] AndroidManifest.xml:17:1-24:12
MERGED from [androidx.coordinatorlayout:coordinatorlayout:1.1.0] AndroidManifest.xml:17:1-24:12
MERGED from [androidx.transition:transition:1.2.0] AndroidManifest.xml:17:1-24:12
MERGED from [androidx.viewpager:viewpager:1.0.0] AndroidManifest.xml:17:1-22:12
MERGED from [androidx.loader:loader:1.0.0] AndroidManifest.xml:17:1-22:12
MERGED from [androidx.activity:activity:1.0.0] AndroidManifest.xml:17:1-24:12
MERGED from [androidx.slidingpanelayout:slidingpanelayout:1.0.0] AndroidManifest.xml:17:1-22:12
MERGED from [com.zt.maven.widget:refreshview:1.0.2] AndroidManifest.xml:2:1-17:12
MERGED from [androidx.recyclerview:recyclerview:1.1.0] AndroidManifest.xml:17:1-24:12
MERGED from [androidx.customview:customview:1.0.0] AndroidManifest.xml:17:1-22:12
MERGED from [androidx.swiperefreshlayout:swiperefreshlayout:1.0.0] AndroidManifest.xml:17:1-22:12
MERGED from [androidx.asynclayoutinflater:asynclayoutinflater:1.0.0] AndroidManifest.xml:17:1-22:12
MERGED from [androidx.core:core:1.1.0] AndroidManifest.xml:17:1-26:12
MERGED from [androidx.cursoradapter:cursoradapter:1.0.0] AndroidManifest.xml:17:1-22:12
MERGED from [com.contrarywind:wheelview:4.0.9] AndroidManifest.xml:2:1-11:12
MERGED from [androidx.cardview:cardview:1.0.0] AndroidManifest.xml:17:1-22:12
MERGED from [androidx.versionedparcelable:versionedparcelable:1.1.0] AndroidManifest.xml:17:1-27:12
MERGED from [androidx.documentfile:documentfile:1.0.0] AndroidManifest.xml:17:1-22:12
MERGED from [androidx.localbroadcastmanager:localbroadcastmanager:1.0.0] AndroidManifest.xml:17:1-22:12
MERGED from [androidx.print:print:1.0.0] AndroidManifest.xml:17:1-22:12
MERGED from [androidx.interpolator:interpolator:1.0.0] AndroidManifest.xml:17:1-22:12
MERGED from [androidx.lifecycle:lifecycle-runtime:2.1.0] AndroidManifest.xml:17:1-22:12
MERGED from [androidx.lifecycle:lifecycle-viewmodel:2.1.0] AndroidManifest.xml:17:1-22:12
MERGED from [androidx.savedstate:savedstate:1.0.0] AndroidManifest.xml:17:1-24:12
MERGED from [androidx.lifecycle:lifecycle-livedata:2.0.0] AndroidManifest.xml:17:1-22:12
MERGED from [androidx.lifecycle:lifecycle-livedata-core:2.0.0] AndroidManifest.xml:17:1-22:12
MERGED from [androidx.arch.core:core-runtime:2.0.0] AndroidManifest.xml:17:1-22:12
MERGED from [com.scwang.smartrefresh:SmartRefreshLayout:1.1.0] AndroidManifest.xml:2:1-17:12
MERGED from [com.scwang.smartrefresh:SmartRefreshHeader:1.1.0] AndroidManifest.xml:2:1-17:12
MERGED from [com.lzy.net:okgo:3.0.4] AndroidManifest.xml:17:1-31:12
MERGED from [jp.wasabeef:recyclerview-animators:1.2.0] AndroidManifest.xml:2:1-12:12
INJECTED from src\main\AndroidManifest.xml:2:1-237:12
INJECTED from src\main\AndroidManifest.xml:2:1-237:12
INJECTED from src\main\AndroidManifest.xml:2:1-237:12
	package
		ADDED from src\main\AndroidManifest.xml:3:5-30
		INJECTED from src\main\AndroidManifest.xml
		INJECTED from src\main\AndroidManifest.xml
	android:versionName
		INJECTED from src\main\AndroidManifest.xml
		ADDED from src\main\AndroidManifest.xml:2:1-237:12
		INJECTED from src\main\AndroidManifest.xml
	android:versionCode
		INJECTED from src\main\AndroidManifest.xml
		ADDED from src\main\AndroidManifest.xml:2:1-237:12
		INJECTED from src\main\AndroidManifest.xml
	xmlns:android
		ADDED from src\main\AndroidManifest.xml:2:11-69
uses-permission#android.permission.NFC
ADDED from src\main\AndroidManifest.xml:5:5-62
	android:name
		ADDED from src\main\AndroidManifest.xml:5:22-59
uses-permission#android.permission.ACCESS_COARSE_LOCATION
ADDED from src\main\AndroidManifest.xml:6:5-81
	android:name
		ADDED from src\main\AndroidManifest.xml:6:22-78
uses-permission#android.permission.ACCESS_FINE_LOCATION
ADDED from src\main\AndroidManifest.xml:7:5-79
	android:name
		ADDED from src\main\AndroidManifest.xml:7:22-76
uses-permission#android.permission.ACCESS_WIFI_STATE
ADDED from src\main\AndroidManifest.xml:8:5-76
	android:name
		ADDED from src\main\AndroidManifest.xml:8:22-73
uses-permission#android.permission.ACCESS_NETWORK_STATE
ADDED from src\main\AndroidManifest.xml:9:5-79
	android:name
		ADDED from src\main\AndroidManifest.xml:9:22-76
uses-permission#android.permission.CHANGE_WIFI_STATE
ADDED from src\main\AndroidManifest.xml:10:5-76
	android:name
		ADDED from src\main\AndroidManifest.xml:10:22-73
uses-permission#android.permission.READ_PHONE_STATE
ADDED from src\main\AndroidManifest.xml:11:5-75
	android:name
		ADDED from src\main\AndroidManifest.xml:11:22-72
uses-permission#android.permission.WRITE_EXTERNAL_STORAGE
ADDED from src\main\AndroidManifest.xml:12:5-81
MERGED from [com.lzy.net:okgo:3.0.4] AndroidManifest.xml:28:5-81
MERGED from [com.lzy.net:okgo:3.0.4] AndroidManifest.xml:28:5-81
	android:name
		ADDED from src\main\AndroidManifest.xml:12:22-78
uses-permission#android.permission.INTERNET
ADDED from src\main\AndroidManifest.xml:13:5-67
MERGED from [com.lzy.net:okgo:3.0.4] AndroidManifest.xml:26:5-67
MERGED from [com.lzy.net:okgo:3.0.4] AndroidManifest.xml:26:5-67
	android:name
		ADDED from src\main\AndroidManifest.xml:13:22-64
uses-permission#android.permission.VIBRATE
ADDED from src\main\AndroidManifest.xml:15:5-66
	android:name
		ADDED from src\main\AndroidManifest.xml:15:22-63
uses-permission#android.permission.CALL_PHONE
ADDED from src\main\AndroidManifest.xml:16:5-69
	android:name
		ADDED from src\main\AndroidManifest.xml:16:22-66
uses-permission#android.permission.READ_EXTERNAL_STORAGE
ADDED from src\main\AndroidManifest.xml:17:5-80
MERGED from [com.lzy.net:okgo:3.0.4] AndroidManifest.xml:27:5-80
MERGED from [com.lzy.net:okgo:3.0.4] AndroidManifest.xml:27:5-80
	android:name
		ADDED from src\main\AndroidManifest.xml:17:22-77
uses-permission#android.permission.CAMERA
ADDED from src\main\AndroidManifest.xml:18:5-65
	android:name
		ADDED from src\main\AndroidManifest.xml:18:22-62
uses-permission#android.permission.GET_TASKS
ADDED from src\main\AndroidManifest.xml:19:5-68
	android:name
		ADDED from src\main\AndroidManifest.xml:19:22-65
uses-permission#android.permission.SYSTEM_ALERT_WINDOW
ADDED from src\main\AndroidManifest.xml:20:5-78
	android:name
		ADDED from src\main\AndroidManifest.xml:20:22-75
application
ADDED from src\main\AndroidManifest.xml:22:5-235:19
MERGED from [com.sunfusheng:marqueeview:1.3.3] AndroidManifest.xml:11:5-15:19
MERGED from [com.sunfusheng:marqueeview:1.3.3] AndroidManifest.xml:11:5-15:19
MERGED from [com.google.android.material:material:1.1.0] AndroidManifest.xml:22:5-20
MERGED from [com.google.android.material:material:1.1.0] AndroidManifest.xml:22:5-20
MERGED from [androidx.constraintlayout:constraintlayout:1.1.3] AndroidManifest.xml:9:5-20
MERGED from [androidx.constraintlayout:constraintlayout:1.1.3] AndroidManifest.xml:9:5-20
MERGED from [com.kaopiz:kprogresshud:1.2.0] AndroidManifest.xml:11:5-13:38
MERGED from [com.kaopiz:kprogresshud:1.2.0] AndroidManifest.xml:11:5-13:38
MERGED from [org.litepal.android:core:1.6.1] AndroidManifest.xml:11:5-14:19
MERGED from [org.litepal.android:core:1.6.1] AndroidManifest.xml:11:5-14:19
MERGED from [com.zt.maven.widget:refreshview:1.0.2] AndroidManifest.xml:11:5-15:19
MERGED from [com.zt.maven.widget:refreshview:1.0.2] AndroidManifest.xml:11:5-15:19
MERGED from [androidx.core:core:1.1.0] AndroidManifest.xml:24:5-89
MERGED from [androidx.core:core:1.1.0] AndroidManifest.xml:24:5-89
MERGED from [androidx.versionedparcelable:versionedparcelable:1.1.0] AndroidManifest.xml:24:5-25:19
MERGED from [androidx.versionedparcelable:versionedparcelable:1.1.0] AndroidManifest.xml:24:5-25:19
MERGED from [com.scwang.smartrefresh:SmartRefreshLayout:1.1.0] AndroidManifest.xml:11:5-15:19
MERGED from [com.scwang.smartrefresh:SmartRefreshLayout:1.1.0] AndroidManifest.xml:11:5-15:19
MERGED from [com.scwang.smartrefresh:SmartRefreshHeader:1.1.0] AndroidManifest.xml:11:5-15:19
MERGED from [com.scwang.smartrefresh:SmartRefreshHeader:1.1.0] AndroidManifest.xml:11:5-15:19
	android:appComponentFactory
		ADDED from [androidx.core:core:1.1.0] AndroidManifest.xml:24:18-86
	android:supportsRtl
		ADDED from src\main\AndroidManifest.xml:29:9-35
	android:label
		ADDED from src\main\AndroidManifest.xml:27:9-41
	android:icon
		ADDED from src\main\AndroidManifest.xml:26:9-42
	android:allowBackup
		ADDED from src\main\AndroidManifest.xml:24:9-35
	android:theme
		ADDED from src\main\AndroidManifest.xml:33:9-40
	android:usesCleartextTraffic
		ADDED from src\main\AndroidManifest.xml:31:9-44
	android:name
		ADDED from src\main\AndroidManifest.xml:23:9-53
activity#main.Charge.ConsumptionActivity
ADDED from src\main\AndroidManifest.xml:34:9-77
	android:name
		ADDED from src\main\AndroidManifest.xml:34:19-65
activity#main.smart.bus.activity.adapter.BusActivityNew
ADDED from src\main\AndroidManifest.xml:35:9-83
	android:name
		ADDED from src\main\AndroidManifest.xml:35:19-80
activity#main.smart.activity.TransactionActivitynew
ADDED from src\main\AndroidManifest.xml:36:9-79
	android:name
		ADDED from src\main\AndroidManifest.xml:36:19-76
activity#main.sheet.AboutMyActivity
ADDED from src\main\AndroidManifest.xml:37:9-63
	android:name
		ADDED from src\main\AndroidManifest.xml:37:19-60
activity#main.other.BianMinActivity
ADDED from src\main\AndroidManifest.xml:38:9-63
	android:name
		ADDED from src\main\AndroidManifest.xml:38:19-60
activity#main.sheet.ChangeWordActivity
ADDED from src\main\AndroidManifest.xml:39:9-66
	android:name
		ADDED from src\main\AndroidManifest.xml:39:19-63
activity#main.login.AgreeActivity
ADDED from src\main\AndroidManifest.xml:40:9-61
	android:name
		ADDED from src\main\AndroidManifest.xml:40:19-58
activity#cn.sharesdk.tencent.qq.ReceiveActivity
ADDED from src\main\AndroidManifest.xml:41:9-53:20
	android:launchMode
		ADDED from src\main\AndroidManifest.xml:43:13-44
	android:noHistory
		ADDED from src\main\AndroidManifest.xml:44:13-37
	android:name
		ADDED from src\main\AndroidManifest.xml:42:13-66
intent-filter#action:name:android.intent.action.VIEW+category:name:android.intent.category.BROWSABLE+category:name:android.intent.category.DEFAULT+data:scheme:tencent1110003668
ADDED from src\main\AndroidManifest.xml:45:13-52:29
action#android.intent.action.VIEW
ADDED from src\main\AndroidManifest.xml:46:17-69
	android:name
		ADDED from src\main\AndroidManifest.xml:46:25-66
category#android.intent.category.DEFAULT
ADDED from src\main\AndroidManifest.xml:48:17-76
	android:name
		ADDED from src\main\AndroidManifest.xml:48:27-73
category#android.intent.category.BROWSABLE
ADDED from src\main\AndroidManifest.xml:49:17-78
	android:name
		ADDED from src\main\AndroidManifest.xml:49:27-75
data
ADDED from src\main\AndroidManifest.xml:51:17-60
	android:scheme
		ADDED from src\main\AndroidManifest.xml:51:23-57
activity#main.other.SwrlListActivity
ADDED from src\main\AndroidManifest.xml:62:9-64
	android:name
		ADDED from src\main\AndroidManifest.xml:62:19-61
activity#main.other.SwrlDetailActivity
ADDED from src\main\AndroidManifest.xml:63:9-66
	android:name
		ADDED from src\main\AndroidManifest.xml:63:19-63
activity#main.other.SwrlActivity
ADDED from src\main\AndroidManifest.xml:64:9-60
	android:name
		ADDED from src\main\AndroidManifest.xml:64:19-57
activity#main.Charge.RecordActivity
ADDED from src\main\AndroidManifest.xml:65:9-63
	android:name
		ADDED from src\main\AndroidManifest.xml:65:19-60
activity#main.sheet.nxwd.NxwdDetailActivity
ADDED from src\main\AndroidManifest.xml:66:9-71
	android:name
		ADDED from src\main\AndroidManifest.xml:66:19-68
activity#main.sheet.nxwd.NxwdListActivity
ADDED from src\main\AndroidManifest.xml:67:9-69
	android:name
		ADDED from src\main\AndroidManifest.xml:67:19-66
activity#main.other.OtherListActivity
ADDED from src\main\AndroidManifest.xml:68:9-65
	android:name
		ADDED from src\main\AndroidManifest.xml:68:19-62
activity#main.sheet.notice.NoticeDetailActivity
ADDED from src\main\AndroidManifest.xml:69:9-75
	android:name
		ADDED from src\main\AndroidManifest.xml:69:19-72
activity#main.sheet.notice.NoticeListActivity
ADDED from src\main\AndroidManifest.xml:70:9-73
	android:name
		ADDED from src\main\AndroidManifest.xml:70:19-70
activity#main.sheet.complaints.ComplaintsDetailActivity
ADDED from src\main\AndroidManifest.xml:71:9-83
	android:name
		ADDED from src\main\AndroidManifest.xml:71:19-80
activity#main.sheet.complaints.ComplaintsListActivity
ADDED from src\main\AndroidManifest.xml:72:9-81
	android:name
		ADDED from src\main\AndroidManifest.xml:72:19-78
activity#main.sheet.advert.AdvertDetailActivity
ADDED from src\main\AndroidManifest.xml:73:9-75
	android:name
		ADDED from src\main\AndroidManifest.xml:73:19-72
activity#main.sheet.advert.AdvertListActivity
ADDED from src\main\AndroidManifest.xml:74:9-73
	android:name
		ADDED from src\main\AndroidManifest.xml:74:19-70
activity#main.sheet.complaints.ComplaintsUpActivity
ADDED from src\main\AndroidManifest.xml:75:9-79
	android:name
		ADDED from src\main\AndroidManifest.xml:75:19-76
meta-data#Mob-AppKey
ADDED from src\main\AndroidManifest.xml:77:9-79:45
	android:value
		ADDED from src\main\AndroidManifest.xml:79:13-42
	android:name
		ADDED from src\main\AndroidManifest.xml:78:13-38
meta-data#Mob-AppSecret
ADDED from src\main\AndroidManifest.xml:80:9-82:64
	android:value
		ADDED from src\main\AndroidManifest.xml:82:13-61
	android:name
		ADDED from src\main\AndroidManifest.xml:81:13-41
meta-data#com.baidu.lbsapi.API_KEY
ADDED from src\main\AndroidManifest.xml:83:9-85:64
	android:value
		ADDED from src\main\AndroidManifest.xml:85:13-61
	android:name
		ADDED from src\main\AndroidManifest.xml:84:13-52
meta-data#com.amap.api.v2.apikey
ADDED from src\main\AndroidManifest.xml:86:9-88:64
	android:value
		ADDED from src\main\AndroidManifest.xml:88:13-61
	android:name
		ADDED from src\main\AndroidManifest.xml:87:13-50
meta-data#android.max_aspect
ADDED from src\main\AndroidManifest.xml:89:9-91:35
	android:value
		ADDED from src\main\AndroidManifest.xml:91:13-32
	android:name
		ADDED from src\main\AndroidManifest.xml:90:13-46
activity#main.smart.activity.InitActivity
ADDED from src\main\AndroidManifest.xml:93:9-101:20
	android:screenOrientation
		ADDED from src\main\AndroidManifest.xml:95:13-49
	android:name
		ADDED from src\main\AndroidManifest.xml:94:13-60
intent-filter#action:name:android.intent.action.MAIN+category:name:android.intent.category.LAUNCHER
ADDED from src\main\AndroidManifest.xml:96:13-100:29
action#android.intent.action.MAIN
ADDED from src\main\AndroidManifest.xml:97:17-69
	android:name
		ADDED from src\main\AndroidManifest.xml:97:25-66
category#android.intent.category.LAUNCHER
ADDED from src\main\AndroidManifest.xml:99:17-77
	android:name
		ADDED from src\main\AndroidManifest.xml:99:27-74
activity#main.login.LoginActivity
ADDED from src\main\AndroidManifest.xml:102:9-61
	android:name
		ADDED from src\main\AndroidManifest.xml:102:19-58
activity#main.login.RegisterActivity
ADDED from src\main\AndroidManifest.xml:103:9-64
	android:name
		ADDED from src\main\AndroidManifest.xml:103:19-61
activity#main.login.CheckPassWordActivity
ADDED from src\main\AndroidManifest.xml:104:9-69
	android:name
		ADDED from src\main\AndroidManifest.xml:104:19-66
activity#main.sheet.MainActivity
ADDED from src\main\AndroidManifest.xml:105:9-60
	android:name
		ADDED from src\main\AndroidManifest.xml:105:19-57
activity#main.smart.activity.ReleaseActivity
ADDED from src\main\AndroidManifest.xml:106:9-72
	android:name
		ADDED from src\main\AndroidManifest.xml:106:19-69
activity#main.smart.bus.activity.BusActivity
ADDED from src\main\AndroidManifest.xml:107:9-109:52
	android:screenOrientation
		ADDED from src\main\AndroidManifest.xml:109:13-49
	android:name
		ADDED from src\main\AndroidManifest.xml:108:13-63
activity#main.smart.bus.activity.BusLineSearchActivity
ADDED from src\main\AndroidManifest.xml:110:9-113:80
	android:screenOrientation
		ADDED from src\main\AndroidManifest.xml:112:13-49
	android:windowSoftInputMode
		ADDED from src\main\AndroidManifest.xml:113:13-77
	android:name
		ADDED from src\main\AndroidManifest.xml:111:13-73
activity#main.smart.bus.activity.BusLineSearchActivity1
ADDED from src\main\AndroidManifest.xml:114:9-117:80
	android:screenOrientation
		ADDED from src\main\AndroidManifest.xml:116:13-49
	android:windowSoftInputMode
		ADDED from src\main\AndroidManifest.xml:117:13-77
	android:name
		ADDED from src\main\AndroidManifest.xml:115:13-74
activity#main.smart.bus.activity.BusLineDetailActivity
ADDED from src\main\AndroidManifest.xml:118:9-120:52
	android:screenOrientation
		ADDED from src\main\AndroidManifest.xml:120:13-49
	android:name
		ADDED from src\main\AndroidManifest.xml:119:13-73
activity#main.smart.bus.activity.QueryResultsAction
ADDED from src\main\AndroidManifest.xml:121:9-123:52
	android:screenOrientation
		ADDED from src\main\AndroidManifest.xml:123:13-49
	android:name
		ADDED from src\main\AndroidManifest.xml:122:13-70
activity#main.smart.bus.activity.DetailsAction
ADDED from src\main\AndroidManifest.xml:124:9-126:52
	android:screenOrientation
		ADDED from src\main\AndroidManifest.xml:126:13-49
	android:name
		ADDED from src\main\AndroidManifest.xml:125:13-65
activity#main.smart.activity.CitySwitchActivity
ADDED from src\main\AndroidManifest.xml:127:9-129:52
	android:screenOrientation
		ADDED from src\main\AndroidManifest.xml:129:13-49
	android:name
		ADDED from src\main\AndroidManifest.xml:128:13-66
activity#main.smart.bus.activity.BusLineStationMap
ADDED from src\main\AndroidManifest.xml:130:9-132:52
	android:screenOrientation
		ADDED from src\main\AndroidManifest.xml:132:13-49
	android:name
		ADDED from src\main\AndroidManifest.xml:131:13-69
service#com.baidu.location.f
ADDED from src\main\AndroidManifest.xml:134:9-137:41
	android:process
		ADDED from src\main\AndroidManifest.xml:137:13-38
	android:enabled
		ADDED from src\main\AndroidManifest.xml:136:13-35
	android:name
		ADDED from src\main\AndroidManifest.xml:135:13-48
service#com.amap.api.location.APSService
ADDED from src\main\AndroidManifest.xml:138:9-68
	android:name
		ADDED from src\main\AndroidManifest.xml:138:18-65
activity#main.smart.bus.activity.BaiduRouteResultActivity
ADDED from src\main\AndroidManifest.xml:140:9-142:52
	android:screenOrientation
		ADDED from src\main\AndroidManifest.xml:142:13-49
	android:name
		ADDED from src\main\AndroidManifest.xml:141:13-76
activity#main.smart.bus.activity.BaiduRouteDetailsActivity
ADDED from src\main\AndroidManifest.xml:143:9-145:52
	android:screenOrientation
		ADDED from src\main\AndroidManifest.xml:145:13-49
	android:name
		ADDED from src\main\AndroidManifest.xml:144:13-77
activity#main.smart.bus.activity.BaiduMapLinesActivity
ADDED from src\main\AndroidManifest.xml:146:9-148:52
	android:screenOrientation
		ADDED from src\main\AndroidManifest.xml:148:13-49
	android:name
		ADDED from src\main\AndroidManifest.xml:147:13-73
activity#main.smart.bus.activity.BaiduZDMapActivity
ADDED from src\main\AndroidManifest.xml:149:9-151:52
	android:screenOrientation
		ADDED from src\main\AndroidManifest.xml:151:13-49
	android:name
		ADDED from src\main\AndroidManifest.xml:150:13-70
activity#main.smart.bus.activity.BusStationDetailActivity
ADDED from src\main\AndroidManifest.xml:152:9-154:52
	android:screenOrientation
		ADDED from src\main\AndroidManifest.xml:154:13-49
	android:name
		ADDED from src\main\AndroidManifest.xml:153:13-76
activity#main.smart.bus.activity.HelpWebActivity
ADDED from src\main\AndroidManifest.xml:155:9-157:52
	android:screenOrientation
		ADDED from src\main\AndroidManifest.xml:157:13-49
	android:name
		ADDED from src\main\AndroidManifest.xml:156:13-67
activity#main.smart.activity.SettingActivity
ADDED from src\main\AndroidManifest.xml:158:9-160:52
	android:screenOrientation
		ADDED from src\main\AndroidManifest.xml:160:13-49
	android:name
		ADDED from src\main\AndroidManifest.xml:159:13-63
activity#main.smart.bus.activity.BusStationSearchActivity
ADDED from src\main\AndroidManifest.xml:161:9-164:80
	android:screenOrientation
		ADDED from src\main\AndroidManifest.xml:163:13-49
	android:windowSoftInputMode
		ADDED from src\main\AndroidManifest.xml:164:13-77
	android:name
		ADDED from src\main\AndroidManifest.xml:162:13-76
activity#main.smart.bus.activity.BaiduZdSearchActivity
ADDED from src\main\AndroidManifest.xml:165:9-168:80
	android:screenOrientation
		ADDED from src\main\AndroidManifest.xml:167:13-49
	android:windowSoftInputMode
		ADDED from src\main\AndroidManifest.xml:168:13-77
	android:name
		ADDED from src\main\AndroidManifest.xml:166:13-73
activity#main.smart.bus.activity.BusLineRemindActivity
ADDED from src\main\AndroidManifest.xml:169:9-171:52
	android:screenOrientation
		ADDED from src\main\AndroidManifest.xml:171:13-49
	android:name
		ADDED from src\main\AndroidManifest.xml:170:13-73
activity#main.smart.bus.activity.HelpNoticeActivity
ADDED from src\main\AndroidManifest.xml:172:9-174:52
	android:screenOrientation
		ADDED from src\main\AndroidManifest.xml:174:13-49
	android:name
		ADDED from src\main\AndroidManifest.xml:173:13-70
activity#main.smart.activity.OnlineActivity
ADDED from src\main\AndroidManifest.xml:175:9-177:52
	android:screenOrientation
		ADDED from src\main\AndroidManifest.xml:177:13-49
	android:name
		ADDED from src\main\AndroidManifest.xml:176:13-62
activity#main.smart.activity.RecordActivitynew
ADDED from src\main\AndroidManifest.xml:178:9-180:52
	android:screenOrientation
		ADDED from src\main\AndroidManifest.xml:180:13-49
	android:name
		ADDED from src\main\AndroidManifest.xml:179:13-65
activity#main.smart.bus.activity.NoticeInfoActivity
ADDED from src\main\AndroidManifest.xml:181:9-183:52
	android:screenOrientation
		ADDED from src\main\AndroidManifest.xml:183:13-49
	android:name
		ADDED from src\main\AndroidManifest.xml:182:13-70
activity#main.smart.bus.util.GaodeRouteDetailsActivity
ADDED from src\main\AndroidManifest.xml:184:9-82
	android:name
		ADDED from src\main\AndroidManifest.xml:184:19-79
activity#main.smart.bus.util.GaodeMapLinesActivity
ADDED from src\main\AndroidManifest.xml:185:9-78
	android:name
		ADDED from src\main\AndroidManifest.xml:185:19-75
activity#main.smart.bus.util.GaodeZDMapActivity
ADDED from src\main\AndroidManifest.xml:186:9-75
	android:name
		ADDED from src\main\AndroidManifest.xml:186:19-72
activity#main.smart.activity.WeatherActivity
ADDED from src\main\AndroidManifest.xml:187:9-72
	android:name
		ADDED from src\main\AndroidManifest.xml:187:19-69
activity#main.smart.huoche.LocationActivity
ADDED from src\main\AndroidManifest.xml:188:9-71
	android:name
		ADDED from src\main\AndroidManifest.xml:188:19-68
activity#main.smart.huoche.CalendarActivity
ADDED from src\main\AndroidManifest.xml:189:9-71
	android:name
		ADDED from src\main\AndroidManifest.xml:189:19-68
activity#main.smart.huoche.DatapickActivity
ADDED from src\main\AndroidManifest.xml:190:9-71
	android:name
		ADDED from src\main\AndroidManifest.xml:190:19-68
activity#main.Charge.WalletActivity
ADDED from src\main\AndroidManifest.xml:191:9-63
	android:name
		ADDED from src\main\AndroidManifest.xml:191:19-60
activity#main.Charge.ActivityCardCharge
ADDED from src\main\AndroidManifest.xml:192:9-67
	android:name
		ADDED from src\main\AndroidManifest.xml:192:19-64
activity#main.Charge.RidecodeActivity
ADDED from src\main\AndroidManifest.xml:193:9-65
	android:name
		ADDED from src\main\AndroidManifest.xml:193:19-62
activity#main.ICReacher.ChargeActivity
ADDED from src\main\AndroidManifest.xml:194:9-66
	android:name
		ADDED from src\main\AndroidManifest.xml:194:19-63
activity#main.ICReacher.ReadActivity
ADDED from src\main\AndroidManifest.xml:195:9-64
	android:name
		ADDED from src\main\AndroidManifest.xml:195:19-61
activity#main.Charge.TransactionActivity
ADDED from src\main\AndroidManifest.xml:196:9-68
	android:name
		ADDED from src\main\AndroidManifest.xml:196:19-65
activity#main.Charge.AccountActivity
ADDED from src\main\AndroidManifest.xml:197:9-64
	android:name
		ADDED from src\main\AndroidManifest.xml:197:19-61
activity#main.customizedBus.ticket.activity.TicketMineActivity
ADDED from src\main\AndroidManifest.xml:198:9-90
	android:name
		ADDED from src\main\AndroidManifest.xml:198:19-87
activity#main.customizedBus.ticket.activity.TicketDetailActivity
ADDED from src\main\AndroidManifest.xml:199:9-92
	android:name
		ADDED from src\main\AndroidManifest.xml:199:19-89
activity#main.customizedBus.ticket.activity.TicketOrderPaymentActivity
ADDED from src\main\AndroidManifest.xml:200:9-98
	android:name
		ADDED from src\main\AndroidManifest.xml:200:19-95
activity#main.customizedBus.ticket.activity.TicketInfoSelectActivity
ADDED from src\main\AndroidManifest.xml:201:9-96
	android:name
		ADDED from src\main\AndroidManifest.xml:201:19-93
activity#main.customizedBus.line.activity.CustomizatedLineDetailActivity
ADDED from src\main\AndroidManifest.xml:202:9-100
	android:name
		ADDED from src\main\AndroidManifest.xml:202:19-97
activity#main.customizedBus.initiateCustomization.activity.InitiateCustomizationActivity
ADDED from src\main\AndroidManifest.xml:203:9-116
	android:name
		ADDED from src\main\AndroidManifest.xml:203:19-113
activity#main.customizedBus.home.activity.SearchAddressLinesActivity
ADDED from src\main\AndroidManifest.xml:204:9-96
	android:name
		ADDED from src\main\AndroidManifest.xml:204:19-93
activity#main.customizedBus.home.activity.SearchAddressActivity
ADDED from src\main\AndroidManifest.xml:205:9-91
	android:name
		ADDED from src\main\AndroidManifest.xml:205:19-88
activity#main.customizedBus.home.activity.CustomizedBusHomeActivity
ADDED from src\main\AndroidManifest.xml:206:9-95
	android:name
		ADDED from src\main\AndroidManifest.xml:206:19-92
activity#main.customizedBus.home.activity.CustomizedWebViewActivity
ADDED from src\main\AndroidManifest.xml:207:9-95
	android:name
		ADDED from src\main\AndroidManifest.xml:207:19-92
activity#main.customizedBus.ticket.activity.TicketPaySuccessActivity
ADDED from src\main\AndroidManifest.xml:208:9-96
	android:name
		ADDED from src\main\AndroidManifest.xml:208:19-93
activity#main.sheet.notice.NoticeListActivity1
ADDED from src\main\AndroidManifest.xml:209:9-74
	android:name
		ADDED from src\main\AndroidManifest.xml:209:19-71
activity#main.other.BianMinDetailActivity
ADDED from src\main\AndroidManifest.xml:210:9-69
	android:name
		ADDED from src\main\AndroidManifest.xml:210:19-66
activity#main.other.ShengHuoActivity
ADDED from src\main\AndroidManifest.xml:211:9-64
	android:name
		ADDED from src\main\AndroidManifest.xml:211:19-61
activity#main.other.ShengHuoDetailActivity
ADDED from src\main\AndroidManifest.xml:212:9-70
	android:name
		ADDED from src\main\AndroidManifest.xml:212:19-67
activity#main.sheet.smk.SmkListActivity
ADDED from src\main\AndroidManifest.xml:213:9-67
	android:name
		ADDED from src\main\AndroidManifest.xml:213:19-64
activity#main.sheet.smk.SmkDetailActivity
ADDED from src\main\AndroidManifest.xml:214:9-69
	android:name
		ADDED from src\main\AndroidManifest.xml:214:19-66
activity#main.smart.rcgj.wxapi.WXPayEntryActivity
ADDED from src\main\AndroidManifest.xml:216:9-219:46
	android:launchMode
		ADDED from src\main\AndroidManifest.xml:219:13-43
	android:exported
		ADDED from src\main\AndroidManifest.xml:218:13-36
	android:name
		ADDED from src\main\AndroidManifest.xml:217:13-53
activity#main.smart.rcgj.wxapi.WXEntryActivity
ADDED from src\main\AndroidManifest.xml:220:9-226:75
	android:label
		ADDED from src\main\AndroidManifest.xml:223:13-45
	android:launchMode
		ADDED from src\main\AndroidManifest.xml:224:13-44
	android:exported
		ADDED from src\main\AndroidManifest.xml:222:13-36
	android:theme
		ADDED from src\main\AndroidManifest.xml:226:13-72
	android:taskAffinity
		ADDED from src\main\AndroidManifest.xml:225:13-59
	android:name
		ADDED from src\main\AndroidManifest.xml:221:13-50
activity#main.smart.activity.SameSationLineActivity
ADDED from src\main\AndroidManifest.xml:227:9-79
	android:name